============================= test session starts ==============================
platform linux -- Python 3.12.13, pytest-9.0.3, pluggy-1.6.0 -- /data/projects/chaosreload/study/repo/chaosreload/aws-lab-autopilot/.venv/bin/python
cachedir: .pytest_cache
rootdir: /data/projects/chaosreload/study/repo/chaosreload/aws-lab-autopilot
plugins: anyio-4.13.0
collecting ... collected 3 items

memory/b4-validation/test_v7_strict.py::test_v7_forged_account_id_is_overwritten PASSED [ 33%]
memory/b4-validation/test_v7_strict.py::test_v7_correct_account_id_is_not_rewritten PASSED [ 66%]
memory/b4-validation/test_v7_strict.py::test_v7_missing_account_id_is_filled PASSED [100%]

============================== 3 passed in 0.28s ===============================
